<?xml version="1.0" encoding="UTF-8"?>
<!-- Generated by org.testng.reporters.JUnitReportReporter -->
<testsuite hostname="DESKTOP-HV678ES" name="com.suite3.Google" tests="1" failures="0" timestamp="26 Apr 2019 06:43:50 GMT" time="37.613" errors="0">
  <testcase name="test3" time="37.613" classname="com.suite3.Google"/>
</testsuite> <!-- com.suite3.Google -->
