<?xml version="1.0" encoding="UTF-8"?>
<!-- Generated by org.testng.reporters.JUnitReportReporter -->
<testsuite hostname="DESKTOP-HV678ES" name="com.suite2.Snapdeel" tests="1" failures="0" timestamp="26 Apr 2019 06:43:50 GMT" time="41.868" errors="0">
  <testcase name="test2" time="41.868" classname="com.suite2.Snapdeel"/>
</testsuite> <!-- com.suite2.Snapdeel -->
