<?xml version="1.0" encoding="UTF-8"?>
<!-- Generated by org.testng.reporters.JUnitReportReporter -->
<testsuite hostname="DESKTOP-HV678ES" name="com.suite1.Flipkart" tests="1" failures="0" timestamp="26 Apr 2019 06:43:50 GMT" time="43.373" errors="0">
  <testcase name="test1" time="43.373" classname="com.suite1.Flipkart"/>
</testsuite> <!-- com.suite1.Flipkart -->
