<?xml version="1.0" encoding="UTF-8"?>
<!-- Generated by org.testng.reporters.JUnitReportReporter -->
<testsuite hostname="DESKTOP-HV678ES" name="com.suite4.Testing" tests="1" failures="0" timestamp="26 Apr 2019 06:43:50 GMT" time="0.039" errors="0">
  <testcase name="jTest" time="0.039" classname="com.suite4.Testing"/>
</testsuite> <!-- com.suite4.Testing -->
